Arguments: 
  /Users/mateog.estrada/.nvm/versions/node/v17.2.0/bin/node /usr/local/Cellar/yarn/1.22.17_2/libexec/bin/yarn.js add Crypto-js

PATH: 
  /Users/mateog.estrada/.amplify/bin:/Users/mateog.estrada/.nvm/versions/node/v17.2.0/bin:/usr/local/bin:/System/Cryptexes/App/usr/bin:/usr/bin:/bin:/usr/sbin:/sbin:/Applications/VMware Fusion.app/Contents/Public:/Library/TeX/texbin:/usr/local/go/bin:/usr/local/share/dotnet:~/.dotnet/tools:/Library/Apple/usr/bin:/Library/Frameworks/Mono.framework/Versions/Current/Commands:/Applications/Xamarin Workbooks.app/Contents/SharedSupport/path-bin:/Users/mateog.estrada/.pyenv export PATH=/Users/mateog.estrada/.pyenv export PATH=/bin:/bin/bin:/Users/mateog.estrada/.amplify/bin:/Users/mateog.estrada/.nvm/versions/node/v17.2.0/bin:/Users/mateog.estrada/.cargo/bin:/Applications/Visual Studio Code.app/Contents/Resources/app/bin:/Users/mateog.estrada/Development/flutter/bin/shims:/Applications/Visual Studio Code.app/Contents/Resources/app/bin:/Users/mateog.estrada/Development/flutter/bin

Yarn version: 
  1.22.17

Node version: 
  17.2.0

Platform: 
  darwin x64

Trace: 
  Error: https://registry.yarnpkg.com/Crypto-js: Not found
      at Request.params.callback [as _callback] (/usr/local/Cellar/yarn/1.22.17_2/libexec/lib/cli.js:67029:18)
      at Request.self.callback (/usr/local/Cellar/yarn/1.22.17_2/libexec/lib/cli.js:140883:22)
      at Request.emit (node:events:390:28)
      at Request.<anonymous> (/usr/local/Cellar/yarn/1.22.17_2/libexec/lib/cli.js:141855:10)
      at Request.emit (node:events:390:28)
      at IncomingMessage.<anonymous> (/usr/local/Cellar/yarn/1.22.17_2/libexec/lib/cli.js:141777:12)
      at Object.onceWrapper (node:events:509:28)
      at IncomingMessage.emit (node:events:402:35)
      at endReadableNT (node:internal/streams/readable:1343:12)
      at processTicksAndRejections (node:internal/process/task_queues:83:21)

npm manifest: 
  {
      "name": "aes-system",
      "version": "1.0.0",
      "dependencies": {
       
      }
  }

yarn manifest: 
  No manifest

Lockfile: 
  No lockfile
